<?xml version="1.0" encoding="UTF-8"?>
<testsuite xmlns:xsi="http://www.w3.org/2001/XMLSchema-instance" xsi:noNamespaceSchemaLocation="https://maven.apache.org/surefire/maven-surefire-plugin/xsd/surefire-test-report-3.0.xsd" version="3.0" name="flightapp.FlightServiceTest" time="666.555" tests="37" errors="0" skipped="0" failures="0">
  <properties>
    <property name="sun.desktop" value="windows"/>
    <property name="awt.toolkit" value="sun.awt.windows.WToolkit"/>
    <property name="java.specification.version" value="11"/>
    <property name="sun.cpu.isalist" value="amd64"/>
    <property name="test.cases" value="cases"/>
    <property name="sun.jnu.encoding" value="Cp1252"/>
    <property name="java.class.path" value="C:\Users\thece\.m2\repository\org\apache\maven\surefire\surefire-booter\3.0.0-M5\surefire-booter-3.0.0-M5.jar;C:\Users\thece\.m2\repository\org\apache\maven\surefire\surefire-api\3.0.0-M5\surefire-api-3.0.0-M5.jar;C:\Users\thece\.m2\repository\org\apache\maven\surefire\surefire-logger-api\3.0.0-M5\surefire-logger-api-3.0.0-M5.jar;C:\Users\thece\.m2\repository\org\apache\maven\surefire\surefire-shared-utils\3.0.0-M4\surefire-shared-utils-3.0.0-M4.jar;C:\Users\thece\.m2\repository\org\apache\maven\surefire\surefire-extensions-spi\3.0.0-M5\surefire-extensions-spi-3.0.0-M5.jar;C:\Users\thece\OneDrive - UW\Classes\CSE 344\hw5\target\test-classes;C:\Users\thece\OneDrive - UW\Classes\CSE 344\hw5\target\classes;C:\Users\thece\.m2\repository\junit\junit\4.13\junit-4.13.jar;C:\Users\thece\.m2\repository\org\hamcrest\hamcrest-core\1.3\hamcrest-core-1.3.jar;C:\Users\thece\.m2\repository\com\microsoft\sqlserver\mssql-jdbc\9.2.1.jre11\mssql-jdbc-9.2.1.jre11.jar;C:\Users\thece\.m2\repository\org\mybatis\mybatis\3.5.7\mybatis-3.5.7.jar;C:\Users\thece\.m2\repository\commons-io\commons-io\2.8.0\commons-io-2.8.0.jar;C:\Users\thece\OneDrive - UW\Classes\CSE 344\hw5/distributed.jar;C:\Users\thece\.m2\repository\org\apache\maven\surefire\surefire-junit4\3.0.0-M5\surefire-junit4-3.0.0-M5.jar;C:\Users\thece\.m2\repository\org\apache\maven\surefire\common-java5\3.0.0-M5\common-java5-3.0.0-M5.jar;C:\Users\thece\.m2\repository\org\apache\maven\surefire\common-junit3\3.0.0-M5\common-junit3-3.0.0-M5.jar;C:\Users\thece\.m2\repository\org\apache\maven\surefire\common-junit4\3.0.0-M5\common-junit4-3.0.0-M5.jar"/>
    <property name="java.vm.vendor" value="Oracle Corporation"/>
    <property name="sun.arch.data.model" value="64"/>
    <property name="user.variant" value=""/>
    <property name="java.vendor.url" value="https://openjdk.java.net/"/>
    <property name="user.timezone" value="America/Chicago"/>
    <property name="java.vm.specification.version" value="11"/>
    <property name="os.name" value="Windows 11"/>
    <property name="sun.java.launcher" value="SUN_STANDARD"/>
    <property name="user.country" value="US"/>
    <property name="sun.boot.library.path" value="C:\Program Files\Java\jdk-11\bin"/>
    <property name="sun.java.command" value="org.apache.maven.surefire.booter.ForkedBooter C:\Users\thece\AppData\Local\Temp\surefire6451497197315432034 2023-03-07T18-41-24_893-jvmRun1 surefire1855571879009725356tmp surefire_02138736410931105766tmp"/>
    <property name="jdk.debug" value="release"/>
    <property name="surefire.test.class.path" value="C:\Users\thece\OneDrive - UW\Classes\CSE 344\hw5\target\test-classes;C:\Users\thece\OneDrive - UW\Classes\CSE 344\hw5\target\classes;C:\Users\thece\.m2\repository\junit\junit\4.13\junit-4.13.jar;C:\Users\thece\.m2\repository\org\hamcrest\hamcrest-core\1.3\hamcrest-core-1.3.jar;C:\Users\thece\.m2\repository\com\microsoft\sqlserver\mssql-jdbc\9.2.1.jre11\mssql-jdbc-9.2.1.jre11.jar;C:\Users\thece\.m2\repository\org\mybatis\mybatis\3.5.7\mybatis-3.5.7.jar;C:\Users\thece\.m2\repository\commons-io\commons-io\2.8.0\commons-io-2.8.0.jar;C:\Users\thece\OneDrive - UW\Classes\CSE 344\hw5/distributed.jar;"/>
    <property name="sun.cpu.endian" value="little"/>
    <property name="user.home" value="C:\Users\thece"/>
    <property name="user.language" value="en"/>
    <property name="java.specification.vendor" value="Oracle Corporation"/>
    <property name="java.version.date" value="2023-01-17"/>
    <property name="java.home" value="C:\Program Files\Java\jdk-11"/>
    <property name="file.separator" value="\"/>
    <property name="basedir" value="C:\Users\thece\OneDrive - UW\Classes\CSE 344\hw5"/>
    <property name="java.vm.compressedOopsMode" value="Zero based"/>
    <property name="line.separator" value="&#10;"/>
    <property name="java.specification.name" value="Java Platform API Specification"/>
    <property name="java.vm.specification.vendor" value="Oracle Corporation"/>
    <property name="java.awt.graphicsenv" value="sun.awt.Win32GraphicsEnvironment"/>
    <property name="user.script" value=""/>
    <property name="sun.management.compiler" value="HotSpot 64-Bit Tiered Compilers"/>
    <property name="java.runtime.version" value="11.0.18+9-LTS-195"/>
    <property name="user.name" value="thece"/>
    <property name="path.separator" value=";"/>
    <property name="os.version" value="10.0"/>
    <property name="java.runtime.name" value="Java(TM) SE Runtime Environment"/>
    <property name="file.encoding" value="Cp1252"/>
    <property name="java.vm.name" value="Java HotSpot(TM) 64-Bit Server VM"/>
    <property name="java.vendor.version" value="18.9"/>
    <property name="localRepository" value="C:\Users\thece\.m2\repository"/>
    <property name="java.vendor.url.bug" value="https://bugreport.java.com/bugreport/"/>
    <property name="java.io.tmpdir" value="C:\Users\thece\AppData\Local\Temp\"/>
    <property name="java.version" value="11.0.18"/>
    <property name="user.dir" value="C:\Users\thece\OneDrive - UW\Classes\CSE 344\hw5"/>
    <property name="os.arch" value="amd64"/>
    <property name="java.vm.specification.name" value="Java Virtual Machine Specification"/>
    <property name="java.awt.printerjob" value="sun.awt.windows.WPrinterJob"/>
    <property name="sun.os.patch.level" value=""/>
    <property name="java.library.path" value="C:\Program Files\Java\jdk-11\bin;C:\WINDOWS\Sun\Java\bin;C:\WINDOWS\system32;C:\WINDOWS;C:\Program Files\NVIDIA GPU Computing Toolkit\CUDA\v12.1\bin;C:\Program Files\NVIDIA GPU Computing Toolkit\CUDA\v12.1\libnvvp;;C:\Program Files\Common Files\Oracle\Java\javapath;C:\Program Files\Eclipse Adoptium\jdk-11.0.13.8-hotspot\bin;C:\Program Files\Eclipse Adoptium\jdk-17.0.1.12-hotspot\bin;C:\Windows\system32;C:\Windows;C:\Windows\System32\Wbem;C:\Windows\System32\WindowsPowerShell\v1.0\;C:\Windows\System32\OpenSSH\;C:\Program Files (x86)\NVIDIA Corporation\PhysX\Common;C:\Program Files\NVIDIA Corporation\NVIDIA NvDLISR;C:\Program Files\Microsoft SQL Server\Client SDK\ODBC\110\Tools\Binn\;C:\Program Files (x86)\Microsoft SQL Server\120\Tools\Binn\;C:\Program Files\Microsoft SQL Server\120\Tools\Binn\;C:\Program Files\Microsoft SQL Server\120\DTS\Binn\;C:\Program Files (x86)\Windows Kits\8.1\Windows Performance Toolkit\;C:\WINDOWS\system32;C:\WINDOWS;C:\WINDOWS\System32\Wbem;C:\WINDOWS\System32\WindowsPowerShell\v1.0\;C:\WINDOWS\System32\OpenSSH\;C:\Program Files\Git\cmd;C:\Program Files\MATLAB\R2021b\runtime\win64;C:\Program Files\MATLAB\R2021b\bin;C:\Program Files\nodejs\;C:\Program Files\dotnet\;C:\Program Files (x86)\sqlite3;C:\Program Files\Java\jdk-11\bin;C:\Program Files\apache-maven-3.9.0\bin;C:\Program Files\NVIDIA Corporation\Nsight Compute 2023.1.0\;C:\Users\thece\anaconda3;C:\Users\thece\anaconda3\Library\mingw-w64\bin;C:\Users\thece\anaconda3\Library\usr\bin;C:\Users\thece\anaconda3\Library\bin;C:\Users\thece\anaconda3\Scripts;C:\Users\thece\AppData\Local\Microsoft\WindowsApps;C:\Users\thece\AppData\Local\Programs\Microsoft VS Code\bin;C:\Users\thece\AppData\Roaming\npm;C:\Program Files\heroku\bin;C:\Users\thece\AppData\Local\GitHubDesktop\bin;."/>
    <property name="java.vendor" value="Oracle Corporation"/>
    <property name="java.vm.info" value="mixed mode"/>
    <property name="java.vm.version" value="11.0.18+9-LTS-195"/>
    <property name="sun.io.unicode.encoding" value="UnicodeLittle"/>
    <property name="java.class.version" value="55.0"/>
  </properties>
  <testcase name="runTest[0]" classname="flightapp.FlightServiceTest" time="18.928">
    <system-out><![CDATA[Running test setup...
... using dbconn.properties for test credentials
... resetting database (ie, dropping all tables with suffix: nagatac)
... running createTables.sql

Starting tests
Running test file: C:\Users\thece\OneDrive - UW\Classes\CSE 344\hw5\cases\no_transaction\book\book_basic.txt
]]></system-out>
  </testcase>
  <testcase name="runTest[1]" classname="flightapp.FlightServiceTest" time="18.931">
    <system-out><![CDATA[Running test file: C:\Users\thece\OneDrive - UW\Classes\CSE 344\hw5\cases\no_transaction\book\book_itineraryNotExist.txt
]]></system-out>
  </testcase>
  <testcase name="runTest[2]" classname="flightapp.FlightServiceTest" time="18.035">
    <system-out><![CDATA[Running test file: C:\Users\thece\OneDrive - UW\Classes\CSE 344\hw5\cases\no_transaction\book\book_withoutLogIn.txt
]]></system-out>
  </testcase>
  <testcase name="runTest[3]" classname="flightapp.FlightServiceTest" time="1.534">
    <system-out><![CDATA[Running test file: C:\Users\thece\OneDrive - UW\Classes\CSE 344\hw5\cases\no_transaction\create\create_basic.txt
]]></system-out>
  </testcase>
  <testcase name="runTest[4]" classname="flightapp.FlightServiceTest" time="1.535">
    <system-out><![CDATA[Running test file: C:\Users\thece\OneDrive - UW\Classes\CSE 344\hw5\cases\no_transaction\create\create_negativeInitialAmount.txt
]]></system-out>
  </testcase>
  <testcase name="runTest[5]" classname="flightapp.FlightServiceTest" time="1.661">
    <system-out><![CDATA[Running test file: C:\Users\thece\OneDrive - UW\Classes\CSE 344\hw5\cases\no_transaction\create\create_usernameTaken.txt
]]></system-out>
  </testcase>
  <testcase name="runTest[6]" classname="flightapp.FlightServiceTest" time="2.372">
    <system-out><![CDATA[Running test file: C:\Users\thece\OneDrive - UW\Classes\CSE 344\hw5\cases\no_transaction\login\login_already.txt
]]></system-out>
  </testcase>
  <testcase name="runTest[7]" classname="flightapp.FlightServiceTest" time="1.891">
    <system-out><![CDATA[Running test file: C:\Users\thece\OneDrive - UW\Classes\CSE 344\hw5\cases\no_transaction\login\login_single.txt
]]></system-out>
  </testcase>
  <testcase name="runTest[8]" classname="flightapp.FlightServiceTest" time="1.985">
    <system-out><![CDATA[Running test file: C:\Users\thece\OneDrive - UW\Classes\CSE 344\hw5\cases\no_transaction\login\login_wrongPassword.txt
]]></system-out>
  </testcase>
  <testcase name="runTest[9]" classname="flightapp.FlightServiceTest" time="1.933">
    <system-out><![CDATA[Running test file: C:\Users\thece\OneDrive - UW\Classes\CSE 344\hw5\cases\no_transaction\login\login_wrongUsername.txt
]]></system-out>
  </testcase>
  <testcase name="runTest[10]" classname="flightapp.FlightServiceTest" time="21.292">
    <system-out><![CDATA[Running test file: C:\Users\thece\OneDrive - UW\Classes\CSE 344\hw5\cases\no_transaction\pay\pay_already.txt
]]></system-out>
  </testcase>
  <testcase name="runTest[11]" classname="flightapp.FlightServiceTest" time="19.945">
    <system-out><![CDATA[Running test file: C:\Users\thece\OneDrive - UW\Classes\CSE 344\hw5\cases\no_transaction\pay\pay_basic.txt
]]></system-out>
  </testcase>
  <testcase name="runTest[12]" classname="flightapp.FlightServiceTest" time="20.349">
    <system-out><![CDATA[Running test file: C:\Users\thece\OneDrive - UW\Classes\CSE 344\hw5\cases\no_transaction\pay\pay_insufficient.txt
]]></system-out>
  </testcase>
  <testcase name="runTest[13]" classname="flightapp.FlightServiceTest" time="19.357">
    <system-out><![CDATA[Running test file: C:\Users\thece\OneDrive - UW\Classes\CSE 344\hw5\cases\no_transaction\pay\pay_wrongRID.txt
]]></system-out>
  </testcase>
  <testcase name="runTest[14]" classname="flightapp.FlightServiceTest" time="19.849">
    <system-out><![CDATA[Running test file: C:\Users\thece\OneDrive - UW\Classes\CSE 344\hw5\cases\no_transaction\reservations\reservations_basic.txt
]]></system-out>
  </testcase>
  <testcase name="runTest[15]" classname="flightapp.FlightServiceTest" time="19.986">
    <system-out><![CDATA[Running test file: C:\Users\thece\OneDrive - UW\Classes\CSE 344\hw5\cases\no_transaction\reservations\reservations_paidTrue.txt
]]></system-out>
  </testcase>
  <testcase name="runTest[16]" classname="flightapp.FlightServiceTest" time="20.45">
    <system-out><![CDATA[Running test file: C:\Users\thece\OneDrive - UW\Classes\CSE 344\hw5\cases\no_transaction\reservations\reservations_same_day.txt
]]></system-out>
  </testcase>
  <testcase name="runTest[17]" classname="flightapp.FlightServiceTest" time="17.408">
    <system-out><![CDATA[Running test file: C:\Users\thece\OneDrive - UW\Classes\CSE 344\hw5\cases\no_transaction\search\search_basic.txt
]]></system-out>
  </testcase>
  <testcase name="runTest[18]" classname="flightapp.FlightServiceTest" time="19.043">
    <system-out><![CDATA[Running test file: C:\Users\thece\OneDrive - UW\Classes\CSE 344\hw5\cases\no_transaction\search\search_lessThanN.txt
]]></system-out>
  </testcase>
  <testcase name="runTest[19]" classname="flightapp.FlightServiceTest" time="4.512">
    <system-out><![CDATA[Running test file: C:\Users\thece\OneDrive - UW\Classes\CSE 344\hw5\cases\no_transaction\search\search_noResults.txt
]]></system-out>
  </testcase>
  <testcase name="runTest[20]" classname="flightapp.FlightServiceTest" time="6.754">
    <system-out><![CDATA[Running test file: C:\Users\thece\OneDrive - UW\Classes\CSE 344\hw5\cases\no_transaction\search\search_topk.txt
]]></system-out>
  </testcase>
  <testcase name="runTest[21]" classname="flightapp.FlightServiceTest" time="59.299">
    <system-out><![CDATA[Running test file: C:\Users\thece\OneDrive - UW\Classes\CSE 344\hw5\cases\transaction\book\book_2users2flights.txt
]]></system-out>
  </testcase>
  <testcase name="runTest[22]" classname="flightapp.FlightServiceTest" time="17.247">
    <system-out><![CDATA[Running test file: C:\Users\thece\OneDrive - UW\Classes\CSE 344\hw5\cases\transaction\book\book_2UsersSameFlight.txt
]]></system-out>
  </testcase>
  <testcase name="runTest[23]" classname="flightapp.FlightServiceTest" time="35.792">
    <system-out><![CDATA[Running test file: C:\Users\thece\OneDrive - UW\Classes\CSE 344\hw5\cases\transaction\book\book_itineraryNotExist.txt
]]></system-out>
  </testcase>
  <testcase name="runTest[24]" classname="flightapp.FlightServiceTest" time="61.792">
    <system-out><![CDATA[Running test file: C:\Users\thece\OneDrive - UW\Classes\CSE 344\hw5\cases\transaction\book\book_sameItineraryTwice.txt
]]></system-out>
  </testcase>
  <testcase name="runTest[25]" classname="flightapp.FlightServiceTest" time="18.786">
    <system-out><![CDATA[Running test file: C:\Users\thece\OneDrive - UW\Classes\CSE 344\hw5\cases\transaction\book\book_withoutSearch.txt
]]></system-out>
  </testcase>
  <testcase name="runTest[26]" classname="flightapp.FlightServiceTest" time="2.054">
    <system-out><![CDATA[Running test file: C:\Users\thece\OneDrive - UW\Classes\CSE 344\hw5\cases\transaction\create\create_2UsersSameName.txt
]]></system-out>
  </testcase>
  <testcase name="runTest[27]" classname="flightapp.FlightServiceTest" time="2.471">
    <system-out><![CDATA[Running test file: C:\Users\thece\OneDrive - UW\Classes\CSE 344\hw5\cases\transaction\create\create_concurrent.txt
]]></system-out>
  </testcase>
  <testcase name="runTest[28]" classname="flightapp.FlightServiceTest" time="2.432">
    <system-out><![CDATA[Running test file: C:\Users\thece\OneDrive - UW\Classes\CSE 344\hw5\cases\transaction\create\create_samePassword.txt
]]></system-out>
  </testcase>
  <testcase name="runTest[29]" classname="flightapp.FlightServiceTest" time="2.745">
    <system-out><![CDATA[Running test file: C:\Users\thece\OneDrive - UW\Classes\CSE 344\hw5\cases\transaction\login\login_multi.txt
]]></system-out>
  </testcase>
  <testcase name="runTest[30]" classname="flightapp.FlightServiceTest" time="2.285">
    <system-out><![CDATA[Running test file: C:\Users\thece\OneDrive - UW\Classes\CSE 344\hw5\cases\transaction\login\login_same.txt
]]></system-out>
  </testcase>
  <testcase name="runTest[31]" classname="flightapp.FlightServiceTest" time="20.15">
    <system-out><![CDATA[Running test file: C:\Users\thece\OneDrive - UW\Classes\CSE 344\hw5\cases\transaction\pay\pay_alreadyPaid.txt
]]></system-out>
  </testcase>
  <testcase name="runTest[32]" classname="flightapp.FlightServiceTest" time="20.502">
    <system-out><![CDATA[Running test file: C:\Users\thece\OneDrive - UW\Classes\CSE 344\hw5\cases\transaction\pay\pay_wrongUser.txt
]]></system-out>
  </testcase>
  <testcase name="runTest[33]" classname="flightapp.FlightServiceTest" time="27.207">
    <system-out><![CDATA[Running test file: C:\Users\thece\OneDrive - UW\Classes\CSE 344\hw5\cases\transaction\reservations\reservations_concurrent.txt
]]></system-out>
  </testcase>
  <testcase name="runTest[34]" classname="flightapp.FlightServiceTest" time="20.831">
    <system-out><![CDATA[Running test file: C:\Users\thece\OneDrive - UW\Classes\CSE 344\hw5\cases\transaction\reservations\reservations_nothingBooked.txt
]]></system-out>
  </testcase>
  <testcase name="runTest[35]" classname="flightapp.FlightServiceTest" time="55.791">
    <system-out><![CDATA[Running test file: C:\Users\thece\OneDrive - UW\Classes\CSE 344\hw5\cases\transaction\search\search_multi.txt
]]></system-out>
  </testcase>
  <testcase name="runTest[36]" classname="flightapp.FlightServiceTest" time="56.534">
    <system-out><![CDATA[Running test file: C:\Users\thece\OneDrive - UW\Classes\CSE 344\hw5\cases\transaction\search\search_sameUserDifferentFlights.txt
]]></system-out>
  </testcase>
</testsuite>